2023-03-03 03:15:19:1519 - [31merror[39m: [31mNão foi possível conectar![39m
2023-03-03 03:15:19:1519 - [31merror[39m: [31mErro: MongoServerError: bad auth : authentication failed[39m
2023-03-03 03:16:57:1657 - [31merror[39m: [31mNão foi possível conectar![39m
2023-03-03 04:30:41:3041 - [31merror[39m: [31mErro no sistema: Cast to ObjectId failed for value "6401a07a1c7676ae2ddd10989" (type string) at path "_id" for model "Movie"[39m
2023-03-03 07:38:39:3839 - [31merror[39m: [31mErro no sistema: Cast to ObjectId failed for value "all" (type string) at path "_id" for model "Movie"[39m
2023-03-03 07:42:00:420 - [31merror[39m: [31mErro no sistema: Cast to ObjectId failed for value "all" (type string) at path "_id" for model "Movie"[39m
2023-03-04 03:47:40:4740 - [31merror[39m: [31mErro no sistema: Cast to ObjectId failed for value ":id" (type string) at path "_id" for model "Movie"[39m
2023-03-04 03:47:41:4741 - [31merror[39m: [31mErro no sistema: Cast to ObjectId failed for value ":id" (type string) at path "_id" for model "Movie"[39m
2023-03-04 03:47:42:4742 - [31merror[39m: [31mErro no sistema: Cast to ObjectId failed for value ":id" (type string) at path "_id" for model "Movie"[39m
2023-03-04 03:47:42:4742 - [31merror[39m: [31mErro no sistema: Cast to ObjectId failed for value ":id" (type string) at path "_id" for model "Movie"[39m
2023-03-04 03:47:42:4742 - [31merror[39m: [31mErro no sistema: Cast to ObjectId failed for value ":id" (type string) at path "_id" for model "Movie"[39m
2023-03-04 03:47:43:4743 - [31merror[39m: [31mErro no sistema: Cast to ObjectId failed for value ":id" (type string) at path "_id" for model "Movie"[39m
2023-03-04 03:47:43:4743 - [31merror[39m: [31mErro no sistema: Cast to ObjectId failed for value ":id" (type string) at path "_id" for model "Movie"[39m
2023-03-04 03:47:43:4743 - [31merror[39m: [31mErro no sistema: Cast to ObjectId failed for value ":id" (type string) at path "_id" for model "Movie"[39m
2023-03-04 03:47:43:4743 - [31merror[39m: [31mErro no sistema: Cast to ObjectId failed for value ":id" (type string) at path "_id" for model "Movie"[39m
2023-03-04 03:47:43:4743 - [31merror[39m: [31mErro no sistema: Cast to ObjectId failed for value ":id" (type string) at path "_id" for model "Movie"[39m
2023-03-04 03:47:43:4743 - [31merror[39m: [31mErro no sistema: Cast to ObjectId failed for value ":id" (type string) at path "_id" for model "Movie"[39m
2023-03-04 03:47:43:4743 - [31merror[39m: [31mErro no sistema: Cast to ObjectId failed for value ":id" (type string) at path "_id" for model "Movie"[39m
2023-03-04 03:47:43:4743 - [31merror[39m: [31mErro no sistema: Cast to ObjectId failed for value ":id" (type string) at path "_id" for model "Movie"[39m
2023-03-04 03:47:44:4744 - [31merror[39m: [31mErro no sistema: Cast to ObjectId failed for value ":id" (type string) at path "_id" for model "Movie"[39m
2023-03-04 03:47:44:4744 - [31merror[39m: [31mErro no sistema: Cast to ObjectId failed for value ":id" (type string) at path "_id" for model "Movie"[39m
2023-03-04 03:47:44:4744 - [31merror[39m: [31mErro no sistema: Cast to ObjectId failed for value ":id" (type string) at path "_id" for model "Movie"[39m
2023-03-04 03:47:44:4744 - [31merror[39m: [31mErro no sistema: Cast to ObjectId failed for value ":id" (type string) at path "_id" for model "Movie"[39m
2023-03-04 03:47:44:4744 - [31merror[39m: [31mErro no sistema: Cast to ObjectId failed for value ":id" (type string) at path "_id" for model "Movie"[39m
2023-03-04 03:47:47:4747 - [31merror[39m: [31mErro no sistema: Cast to ObjectId failed for value ":id" (type string) at path "_id" for model "Movie"[39m
2023-03-04 03:47:47:4747 - [31merror[39m: [31mErro no sistema: Cast to ObjectId failed for value ":id" (type string) at path "_id" for model "Movie"[39m
2023-03-04 03:47:47:4747 - [31merror[39m: [31mErro no sistema: Cast to ObjectId failed for value ":id" (type string) at path "_id" for model "Movie"[39m
2023-03-04 03:47:48:4748 - [31merror[39m: [31mErro no sistema: Cast to ObjectId failed for value ":id" (type string) at path "_id" for model "Movie"[39m
2023-03-04 03:47:48:4748 - [31merror[39m: [31mErro no sistema: Cast to ObjectId failed for value ":id" (type string) at path "_id" for model "Movie"[39m
2023-03-04 03:47:48:4748 - [31merror[39m: [31mErro no sistema: Cast to ObjectId failed for value ":id" (type string) at path "_id" for model "Movie"[39m
2023-03-04 03:48:47:4847 - [31merror[39m: [31mErro no sistema: Cast to ObjectId failed for value ":id" (type string) at path "_id" for model "Movie"[39m
2023-03-04 03:48:47:4847 - [31merror[39m: [31mErro no sistema: Cast to ObjectId failed for value ":id" (type string) at path "_id" for model "Movie"[39m
2023-03-04 03:48:48:4848 - [31merror[39m: [31mErro no sistema: Cast to ObjectId failed for value ":id" (type string) at path "_id" for model "Movie"[39m
2023-03-04 03:48:48:4848 - [31merror[39m: [31mErro no sistema: Cast to ObjectId failed for value ":id" (type string) at path "_id" for model "Movie"[39m
2023-03-04 03:48:48:4848 - [31merror[39m: [31mErro no sistema: Cast to ObjectId failed for value ":id" (type string) at path "_id" for model "Movie"[39m
2023-03-04 03:48:48:4848 - [31merror[39m: [31mErro no sistema: Cast to ObjectId failed for value ":id" (type string) at path "_id" for model "Movie"[39m
2023-03-04 03:48:48:4848 - [31merror[39m: [31mErro no sistema: Cast to ObjectId failed for value ":id" (type string) at path "_id" for model "Movie"[39m
2023-03-04 03:48:49:4849 - [31merror[39m: [31mErro no sistema: Cast to ObjectId failed for value ":id" (type string) at path "_id" for model "Movie"[39m
2023-03-04 03:51:03:513 - [31merror[39m: [31mErro no sistema: Cast to ObjectId failed for value ":id" (type string) at path "_id" for model "Movie"[39m
2023-03-04 03:51:04:514 - [31merror[39m: [31mErro no sistema: Cast to ObjectId failed for value ":id" (type string) at path "_id" for model "Movie"[39m
2023-03-04 03:51:04:514 - [31merror[39m: [31mErro no sistema: Cast to ObjectId failed for value ":id" (type string) at path "_id" for model "Movie"[39m
2023-03-04 03:51:04:514 - [31merror[39m: [31mErro no sistema: Cast to ObjectId failed for value ":id" (type string) at path "_id" for model "Movie"[39m
2023-03-04 03:51:04:514 - [31merror[39m: [31mErro no sistema: Cast to ObjectId failed for value ":id" (type string) at path "_id" for model "Movie"[39m
2023-03-04 03:51:05:515 - [31merror[39m: [31mErro no sistema: Cast to ObjectId failed for value ":id" (type string) at path "_id" for model "Movie"[39m
2023-03-04 03:51:05:515 - [31merror[39m: [31mErro no sistema: Cast to ObjectId failed for value ":id" (type string) at path "_id" for model "Movie"[39m
2023-03-04 03:51:05:515 - [31merror[39m: [31mErro no sistema: Cast to ObjectId failed for value ":id" (type string) at path "_id" for model "Movie"[39m
2023-03-04 03:51:05:515 - [31merror[39m: [31mErro no sistema: Cast to ObjectId failed for value ":id" (type string) at path "_id" for model "Movie"[39m
2023-03-04 03:53:28:5328 - [31merror[39m: [31mErro no sistema: Cast to ObjectId failed for value ":id" (type string) at path "_id" for model "Movie"[39m
2023-03-04 03:53:28:5328 - [31merror[39m: [31mErro no sistema: Cast to ObjectId failed for value ":id" (type string) at path "_id" for model "Movie"[39m
2023-03-04 03:53:29:5329 - [31merror[39m: [31mErro no sistema: Cast to ObjectId failed for value ":id" (type string) at path "_id" for model "Movie"[39m
2023-03-04 03:53:29:5329 - [31merror[39m: [31mErro no sistema: Cast to ObjectId failed for value ":id" (type string) at path "_id" for model "Movie"[39m
2023-03-04 03:53:29:5329 - [31merror[39m: [31mErro no sistema: Cast to ObjectId failed for value ":id" (type string) at path "_id" for model "Movie"[39m
2023-03-04 03:53:29:5329 - [31merror[39m: [31mErro no sistema: Cast to ObjectId failed for value ":id" (type string) at path "_id" for model "Movie"[39m
2023-03-04 03:53:29:5329 - [31merror[39m: [31mErro no sistema: Cast to ObjectId failed for value ":id" (type string) at path "_id" for model "Movie"[39m
2023-03-04 03:53:29:5329 - [31merror[39m: [31mErro no sistema: Cast to ObjectId failed for value ":id" (type string) at path "_id" for model "Movie"[39m
2023-03-04 03:53:29:5329 - [31merror[39m: [31mErro no sistema: Cast to ObjectId failed for value ":id" (type string) at path "_id" for model "Movie"[39m
2023-03-04 03:53:30:5330 - [31merror[39m: [31mErro no sistema: Cast to ObjectId failed for value ":id" (type string) at path "_id" for model "Movie"[39m
2023-03-04 03:53:30:5330 - [31merror[39m: [31mErro no sistema: Cast to ObjectId failed for value ":id" (type string) at path "_id" for model "Movie"[39m
2023-03-04 03:53:30:5330 - [31merror[39m: [31mErro no sistema: Cast to ObjectId failed for value ":id" (type string) at path "_id" for model "Movie"[39m
2023-03-04 03:53:30:5330 - [31merror[39m: [31mErro no sistema: Cast to ObjectId failed for value ":id" (type string) at path "_id" for model "Movie"[39m
2023-03-04 03:53:30:5330 - [31merror[39m: [31mErro no sistema: Cast to ObjectId failed for value ":id" (type string) at path "_id" for model "Movie"[39m
2023-03-04 03:53:30:5330 - [31merror[39m: [31mErro no sistema: Cast to ObjectId failed for value ":id" (type string) at path "_id" for model "Movie"[39m
2023-03-04 03:53:30:5330 - [31merror[39m: [31mErro no sistema: Cast to ObjectId failed for value ":id" (type string) at path "_id" for model "Movie"[39m
2023-03-04 03:53:31:5331 - [31merror[39m: [31mErro no sistema: Cast to ObjectId failed for value ":id" (type string) at path "_id" for model "Movie"[39m
2023-03-04 03:53:31:5331 - [31merror[39m: [31mErro no sistema: Cast to ObjectId failed for value ":id" (type string) at path "_id" for model "Movie"[39m
2023-03-04 03:53:31:5331 - [31merror[39m: [31mErro no sistema: Cast to ObjectId failed for value ":id" (type string) at path "_id" for model "Movie"[39m
2023-03-04 03:53:31:5331 - [31merror[39m: [31mErro no sistema: Cast to ObjectId failed for value ":id" (type string) at path "_id" for model "Movie"[39m
2023-03-04 03:53:31:5331 - [31merror[39m: [31mErro no sistema: Cast to ObjectId failed for value ":id" (type string) at path "_id" for model "Movie"[39m
2023-03-04 03:53:37:5337 - [31merror[39m: [31mErro no sistema: Cast to ObjectId failed for value ":id" (type string) at path "_id" for model "Movie"[39m
2023-03-04 03:53:37:5337 - [31merror[39m: [31mErro no sistema: Cast to ObjectId failed for value ":id" (type string) at path "_id" for model "Movie"[39m
2023-03-04 03:53:38:5338 - [31merror[39m: [31mErro no sistema: Cast to ObjectId failed for value ":id" (type string) at path "_id" for model "Movie"[39m
2023-03-04 03:53:38:5338 - [31merror[39m: [31mErro no sistema: Cast to ObjectId failed for value ":id" (type string) at path "_id" for model "Movie"[39m
2023-03-04 03:53:38:5338 - [31merror[39m: [31mErro no sistema: Cast to ObjectId failed for value ":id" (type string) at path "_id" for model "Movie"[39m
2023-03-04 03:53:38:5338 - [31merror[39m: [31mErro no sistema: Cast to ObjectId failed for value ":id" (type string) at path "_id" for model "Movie"[39m
2023-03-04 03:53:38:5338 - [31merror[39m: [31mErro no sistema: Cast to ObjectId failed for value ":id" (type string) at path "_id" for model "Movie"[39m
2023-03-04 03:53:38:5338 - [31merror[39m: [31mErro no sistema: Cast to ObjectId failed for value ":id" (type string) at path "_id" for model "Movie"[39m
2023-03-04 03:55:10:5510 - [31merror[39m: [31mErro no sistema: Cast to ObjectId failed for value ":id" (type string) at path "_id" for model "Movie"[39m
2023-03-04 03:55:11:5511 - [31merror[39m: [31mErro no sistema: Cast to ObjectId failed for value ":id" (type string) at path "_id" for model "Movie"[39m
2023-03-04 03:55:16:5516 - [31merror[39m: [31mErro no sistema: Cast to ObjectId failed for value ":id" (type string) at path "_id" for model "Movie"[39m
